[    0.000000] Linux version 4.15.0-36-generic (buldd@lgw01-amd64-031) (gcc version 7.3.0 (Ubuntu 7.3.0-16ubuntu3)) #39-Ubuntu SMP Mon Sep 24 16:19:09 UTC 2018 (Ubuntu 4.15.0-36.39-generic 4.15.18)
[    0.000000] Command line: BOOT_IMAGE=/boot/vmlinuz-4.15.0-36-generic root=LABEL=cloudimg-rootfs ro console=tty1 console=ttyS0
[    0.000000] KERNEL supported cpus:
[    0.000000]   Intel GenuineIntel
[    0.000000]   AMD AuthenticAMD
[    0.000000]   Centaur CentaurHauls
[    0.000000] x86/fpu: Supporting XSAVE feature 0x001: 'x87 floating point registers'
[    0.000000] x86/fpu: Supporting XSAVE feature 0x002: 'SSE registers'
[    0.000000] x86/fpu: Enabled xstate features 0x3, context size is 576 bytes, using 'standard' format.
[    0.000000] e820: BIOS-provided physical RAM map:
[    0.000000] BIOS-e820: [mem 0x0000000000000000-0x000000000009fbff] usable
[    0.000000] BIOS-e820: [mem 0x000000000009fc00-0x000000000009ffff] reserved
[    0.000000] BIOS-e820: [mem 0x00000000000f0000-0x00000000000fffff] reserved
[    0.000000] BIOS-e820: [mem 0x0000000000100000-0x000000003ffeffff] usable
[    0.000000] BIOS-e820: [mem 0x000000003fff0000-0x000000003fffffff] ACPI data
[    0.000000] BIOS-e820: [mem 0x00000000fec00000-0x00000000fec00fff] reserved
[    0.000000] BIOS-e820: [mem 0x00000000fee00000-0x00000000fee00fff] reserved
[    0.000000] BIOS-e820: [mem 0x00000000fffc0000-0x00000000ffffffff] reserved
[    0.000000] NX (Execute Disable) protection: active
[    0.000000] SMBIOS 2.5 present.
[    0.000000] DMI: innotek GmbH VirtualBox/VirtualBox, BIOS VirtualBox 12/01/2006
[    0.000000] Hypervisor detected: KVM
[    0.000000] e820: last_pfn = 0x3fff0 max_arch_pfn = 0x400000000
[    0.000000] MTRR: Disabled
[    0.000000] x86/PAT: MTRRs disabled, skipping PAT initialization too.
[    0.000000] CPU MTRRs all blank - virtualized system.
[    0.000000] x86/PAT: Configuration [0-7]: WB  WT  UC- UC  WB  WT  UC- UC  
[    0.000000] found SMP MP-table at [mem 0x0009fff0-0x0009ffff] mapped at [        (ptrval)]
[    0.000000] Scanning 1 areas for low memory corruption
[    0.000000] RAMDISK: [mem 0x35ae3000-0x36d68fff]
[    0.000000] ACPI: Early table checksum verification disabled
[    0.000000] ACPI: RSDP 0x00000000000E0000 000024 (v02 VBOX  )
[    0.000000] ACPI: XSDT 0x000000003FFF0030 00003C (v01 VBOX   VBOXXSDT 00000001 ASL  00000061)
[    0.000000] ACPI: FACP 0x000000003FFF00F0 0000F4 (v04 VBOX   VBOXFACP 00000001 ASL  00000061)
[    0.000000] ACPI: DSDT 0x000000003FFF0470 0021FF (v02 VBOX   VBOXBIOS 00000002 INTL 20160108)
[    0.000000] ACPI: FACS 0x000000003FFF0200 000040
[    0.000000] ACPI: FACS 0x000000003FFF0200 000040
[    0.000000] ACPI: APIC 0x000000003FFF0240 00005C (v02 VBOX   VBOXAPIC 00000001 ASL  00000061)
[    0.000000] ACPI: SSDT 0x000000003FFF02A0 0001CC (v01 VBOX   VBOXCPUT 00000002 INTL 20160108)
[    0.000000] No NUMA configuration found
[    0.000000] Faking a node at [mem 0x0000000000000000-0x000000003ffeffff]
[    0.000000] NODE_DATA(0) allocated [mem 0x3ffc5000-0x3ffeffff]
[    0.000000] kvm-clock: cpu 0, msr 0:3ff44001, primary cpu clock
[    0.000000] kvm-clock: Using msrs 4b564d01 and 4b564d00
[    0.000000] kvm-clock: using sched offset of 3573692656 cycles
[    0.000000] clocksource: kvm-clock: mask: 0xffffffffffffffff max_cycles: 0x1cd42e4dffb, max_idle_ns: 881590591483 ns
[    0.000000] Zone ranges:
[    0.000000]   DMA      [mem 0x0000000000001000-0x0000000000ffffff]
[    0.000000]   DMA32    [mem 0x0000000001000000-0x000000003ffeffff]
[    0.000000]   Normal   empty
[    0.000000]   Device   empty
[    0.000000] Movable zone start for each node
[    0.000000] Early memory node ranges
[    0.000000]   node   0: [mem 0x0000000000001000-0x000000000009efff]
[    0.000000]   node   0: [mem 0x0000000000100000-0x000000003ffeffff]
[    0.000000] Initmem setup node 0 [mem 0x0000000000001000-0x000000003ffeffff]
[    0.000000] Reserved but unavailable: 98 pages
[    0.000000] ACPI: PM-Timer IO Port: 0x4008
[    0.000000] IOAPIC[0]: apic_id 2, version 32, address 0xfec00000, GSI 0-23
[    0.000000] ACPI: INT_SRC_OVR (bus 0 bus_irq 0 global_irq 2 dfl dfl)
[    0.000000] ACPI: INT_SRC_OVR (bus 0 bus_irq 9 global_irq 9 low level)
[    0.000000] Using ACPI (MADT) for SMP configuration information
[    0.000000] smpboot: Allowing 2 CPUs, 0 hotplug CPUs
[    0.000000] PM: Registered nosave memory: [mem 0x00000000-0x00000fff]
[    0.000000] PM: Registered nosave memory: [mem 0x0009f000-0x0009ffff]
[    0.000000] PM: Registered nosave memory: [mem 0x000a0000-0x000effff]
[    0.000000] PM: Registered nosave memory: [mem 0x000f0000-0x000fffff]
[    0.000000] e820: [mem 0x40000000-0xfebfffff] aaiable for PCI devices
[    0.000000] Booting paravirtualized kernel on KVM
[    0.000000] clocksource: refined-jiffies: mask: 0xffffffff max_cycles: 0xffffffff, max_idle_ns: 7645519600211568 ns
[    0.000000] random: get_random_bytes called from start_kernel+0x99/0x4fd with crng_init=0
[    0.000000] setup_percpu: NR_CPUS:8192 nr_cpumask_bits:2 nr_cpu_ids:2 nr_node_ids:1
[    0.000000] percpu: Embedded 46 pages/cu @        (ptrval) s151552 r8192 d28672 u1048576
[    0.000000] PV qspinlock hash table entries: 256 (order: 0, 4096 bytes)
[    0.000000] Built 1 zonelists, mobility grouping on.  Total pages: 257913
[    0.000000] Policy zone: DMA32
[    0.000000] Kernel command line: BOOT_IMAGE=/boot/vmlinuz-4.15.0-36-generic root=LABEL=cloudimg-rootfs ro console=tty1 console=ttyS0
[    0.000000] Memory: 983616K/1048120K available (12300K kernel code, 2472K rwdata, 4248K rodata, 2408K init, 2416K bss, 64504K reserved, 0K cma-reserved)
[    0.000000] SLUB: HWalign=64, Order=0-3, MinObjects=0, CPUs=2, Nodes=1
[    0.000000] Kernel/User page tables isolation: enabled
[    0.000000] ftrace: allocating 39168 entries in 154 pages
[    0.004000] Hierarchical RCU implementation.
[    0.004000] 	RCU restricting CPUs from NR_CPUS=8192 to nr_cpu_ids=2.
[    0.004000] 	Tasks RCU enabled.
[    0.004000] RCU: Adjusting geometry for rcu_fanout_leaf=16, nr_cpu_ids=2
[    0.004000] NR_IRQS: 524544, nr_irqs: 440, preallocated irqs: 16
[    0.004000] Console: colour VGA+ 80x25
[    0.004000] console [tty1] enabled
[    0.004000] console [ttyS0] enabled
[    0.004000] ACPI: Core revision 20170831
[    0.004000] ACPI: 2 ACPI AML tables successfully acquired and loaded
[    0.004000] APIC: Switch to symmetric I/O mode setup
[    0.004000] x2apic enabled
[    0.004000] Switched APIC routing to physical x2apic.
[    0.004000] ..TIMER: vector=0x30 apic1=0 pin1=2 apic2=-1 pin2=-1
[    0.004000] tsc: Detected 3092.834 MHz processor
[    0.004011] Calibrating delay loop (skipped) preset value.. 6185.66 BogoMIPS (lpj=12371336)
[    0.005055] pid_max: default: 32768 minimum: 301
[    0.005675] Security Framework initialized
[    0.006213] Yama: becoming mindful.
[    0.006700] AppArmor: AppArmor initialized
[    0.007845] Dentry cache hash table entries: 131072 (order: 8, 1048576 bytes)
[    0.008092] Inode-cache hash table entries: 65536 (order: 7, 524288 bytes)
[    0.008946] Mount-cache hash table entries: 2048 (order: 2, 16384 bytes)
[    0.009770] Mountpoint-cache hash table entries: 2048 (order: 2, 16384 bytes)
[    0.012225] mce: CPU supports 0 MCE banks
[    0.016016] Last level iTLB entries: 4KB 1024, 2MB 1024, 4MB 1024
[    0.016774] Last level dTLB entries: 4KB 1024, 2MB 1024, 4MB 1024, 1GB 4
[    0.017594] Spectre V2 : Mitigation: Full generic retpoline
[    0.018291] Spectre V2 : Spectre v2 / SpectreRSB mitigation: Filling RSB on context switch
[    0.019328] Speculative Store Bypass: Vulnerable
[    0.020092] Freeing SMP alternatives memory: 36K
[    0.024000] smpboot: CPU0: Intel(R) Pentium(R) CPU G3240 @ 3.10GHz (family: 0x6, model: 0x3c, stepping: 0x3)
[    0.024062] Performance Events: unsupported p6 CPU model 60 no PMU driver, software events only.
[    0.025198] Hierarchical SRCU implementation.
[    0.026324] NMI watchdog: Perf event create on CPU 0 failed with -2
[    0.027109] NMI watchdog: Perf NMI watchdog permanently disabled
[    0.028040] smp: Bringing up secondary CPUs ...
[    0.028707] x86: Booting SMP configuration:
[    0.029263] .... node  #0, CPUs:      #1
[    0.004000] kvm-clock: cpu 1, msr 0:3ff44041, secondary cpu clock
[    0.004000] mce: CPU supports 0 MCE banks
[    0.048019] smp: Brought up 1 node, 2 CPUs
[    0.048554] smpboot: Max logical packages: 1
[    0.049116] smpboot: Total of 2 processors activated (12371.33 BogoMIPS)
[    0.050066] devtmpfs: initialized
[    0.050066] x86/mm: Memory block size: 128MB
[    0.052137] evm: security.selinux
[    0.052601] evm: security.SMACK64
[    0.053075] evm: security.SMACK64EXEC
[    0.053570] evm: security.SMACK64TRANSMUTE
[    0.054111] evm: security.SMACK64MMAP
[    0.054604] evm: security.apparmor
[    0.055071] evm: security.ima
[    0.055490] evm: security.capability
[    0.056074] clocksource: jiffies: mask: 0xffffffff max_cycles: 0xffffffff, max_idle_ns: 7645041785100000 ns
[    0.057248] futex hash table entries: 512 (order: 3, 32768 bytes)
[    0.058049] pinctrl core: initialized pinctrl subsystem
[    0.059219] RTC time: 12:13:59, date: 10/29/18
[    0.060126] NET: Registered protocol family 16
[    0.060786] audit: initializing netlink subsys (disabled)
[    0.061500] audit: type=2000 audit(1540815242.782:1): state=initialized audit_enabled=0 res=1
[    0.061500] cpuidle: using governor ladder
[    0.061500] cpuidle: using governor menu
[    0.061500] ACPI: bus type PCI registered
[    0.064008] acpiphp: ACPI Hot Plug PCI Controller Driver version: 0.5
[    0.068083] PCI: Using configuration type 1 for base access
[    0.072917] HugeTLB registered 2.00 MiB page size, pre-allocated 0 pages
[    0.072917] ACPI: Added _OSI(Module Device)
[    0.072917] ACPI: Added _OSI(Processor Device)
[    0.073210] ACPI: Added _OSI(3.0 _SCP Extensions)
[    0.076007] ACPI: Added _OSI(Processor Aggregator Device)
[    0.076703] ACPI: Added _OSI(Linux-Dell-Video)
[    0.077283] ACPI: Added _OSI(Linux-Lenovo-NV-HDMI-Audio)
[    0.078186] ACPI: Executed 1 blocks of module-level executable AML code
[    0.082730] ACPI: Interpreter enabled
[    0.084011] ACPI: (supports S0 S5)
[    0.084481] ACPI: Using IOAPIC for interrupt routing
[    0.085343] PCI: Using host bridge windows from ACPI; if necessary, use "pci=nocrs" and report a bug
[    0.086616] ACPI: Enabled 2 GPEs in block 00 to 07
[    0.092290] ACPI: PCI Root Bridge [PCI0] (domain 0000 [bus 00-ff])
[    0.096010] acpi PNP0A03:00: _OSC: OS supports [ASPM ClockPM Segments MSI]
[    0.100027] acpi PNP0A03:00: _OSC: not requesting OS control; OS requires [ExtendedConfig ASPM ClockPM MSI]
[    0.101245] acpi PNP0A03:00: fail to add MMCONFIG information, can't access extended PCI configuration space under this bridge.
[    0.104163] PCI host bridge to bus 0000:00
[    0.104716] pci_bus 0000:00: root bus resource [io  0x0000-0x0cf7 window]
[    0.105582] pci_bus 0000:00: root bus resource [io  0x0d00-0xffff window]
[    0.106418] pci_bus 0000:00: root bus resource [mem 0x000a0000-0x000bffff window]
[    0.107376] pci_bus 0000:00: root bus resource [mem 0x40000000-0xfdffffff window]
[    0.108003] pci_bus 0000:00: root bus resource [bus 00-ff]
[    0.110096] pci 0000:00:01.1: legacy IDE quirk: reg 0x10: [io  0x01f0-0x01f7]
[    0.110974] pci 0000:00:01.1: legacy IDE quirk: reg 0x14: [io  0x03f6]
[    0.112004] pci 0000:00:01.1: legacy IDE quirk: reg 0x18: [io  0x0170-0x0177]
[    0.112887] pci 0000:00:01.1: legacy IDE quirk: reg 0x1c: [io  0x0376]
[    0.134927] pci 0000:00:07.0: quirk: [io  0x4000-0x403f] claimed by PIIX4 ACPI
[    0.136017] pci 0000:00:07.0: quirk: [io  0x4100-0x410f] claimed by PIIX4 SMB
[    0.152898] ACPI: PCI Interrupt Link [LNKA] (IRQs 5 9 10 *11)
[    0.156301] ACPI: PCI Interrupt Link [LNKB] (IRQs 5 9 *10 11)
[    0.160104] ACPI: PCI Interrupt Link [LNKC] (IRQs 5 *9 10 11)
[    0.164102] ACPI: PCI Interrupt Link [LNKD] (IRQs 5 9 10 *11)
[    0.165219] SCSI subsystem initialized
[    0.165782] pci 0000:00:02.0: vgaarb: setting as boot VGA device
[    0.165782] pci 0000:00:02.0: vgaarb: VGA device added: decodes=io+mem,owns=io+mem,locks=none
[    0.168009] pci 0000:00:02.0: vgaarb: bridge control possible
[    0.168735] vgaarb: loaded
[    0.169147] ACPI: bus type USB registered
[    0.169698] usbcore: registered new interface driver usbfs
[    0.170398] usbcore: registered new interface driver hub
[    0.171085] usbcore: registered new device driver usb
[    0.172024] EDAC MC: Ver: 3.0.0
[    0.176181] PCI: Using ACPI for IRQ routing
[    0.176826] NetLabel: Initializing
[    0.177299] NetLabel:  domain hash size = 128
[    0.177869] NetLabel:  protocols = UNLABELED CIPSOv4 CALIPSO
[    0.178592] NetLabel:  unlabeled traffic allowed by default
[    0.180006] clocksource: Switched to clocksource kvm-clock
[    0.191003] VFS: Disk quotas dquot_6.6.0
[    0.198698] VFS: Dquot-cache hash table entries: 512 (order 0, 4096 bytes)
[    0.200443] AppArmor: AppArmor Filesystem Enabled
[    0.201617] pnp: PnP ACPI init
[    0.203222] pnp: PnP ACPI: found 3 devices
[   0.213973] clockoue:cppmma: ffffaxycs:xffffff, max_idle_ns: 2085701024 ns
[    0.831041] NET: Registered protocol family 2
[    0.951370] TCP established hash table entries: 8192 (order: 4, 65536 bytes)
[    0.966614] TCP bind hash table entries: 8192 (order: 5, 131072 bytes)
[    0.967447] TCP: Hash tables configured (established 8192 bind 8192)
[    0.968262] UDP hash table entries: 512 (order: 2, 16384 bytes)
[    0.969030] UDP-Lite hash table entries: 512 (order: 2, 16384 bytes)
[    0.969843] NET: Registered protocol family 1
[    0.970424] pci 0000:00:00.0: Limiting direct PCI/PCI transfers
[    0.971190] pci 0000:00:01.0: Activating ISA DMA hang workarounds
[    0.971985] pci 0000:00:02.0: Video device with shadowed ROM at [mem 0x000c0000-0x000dffff]
[    0.973145] Unpacking initramfs...
[    1.212236] Freeing initrd memory: 18968K
[    1.218236] platform rtc_cmos: registered platform RTC device (no PNP device found)
[    1.219242] Scanning for low memory corruption every 60 seconds
[    1.220548] Initialise system trusted keyrings
[    1.273456] Key type blacklist registered
[    1.274700] workingset: timestamp_bits=36 max_order=18 bucket_order=0
[    1.277519] zbud: loaded
[    1.278810] squashfs: version 4.0 (2009/01/31) Phillip Lougher
[    1.280722] fuse init (API version 7.26)
[    1.288251] Key type asymmetric registered
[    1.289286] Asymmetric key parser 'x509' registered
[    1.290497] Block layer SCSI generic (bsg) driver version 0.4 loaded (major 246)
[    1.294374] io scheduler noop registered
[    1.301118] io scheduler deadline registered
[    1.302616] io scheduler cfq registered (default)
[    1.304360] ACPI: AC Adapter [AC] (on-line)
[    1.305577] input: Power Button as /devices/LNXSYSTM:00/LNXPWRBN:00/input/input0
[    1.308294] ACPI: Power Button [PWRF]
[    1.316074] input: Sleep Button as /devices/LNXSYSTM:00/LNXSLPBN:00/input/input1
[    1.318133] ACPI: Sleep Button [SLPF]
[    1.320441] Serial: 8250/16550 driver, 32 ports, IRQ sharing enabled
[    1.344684] 00:02: ttyS0 at I/O 0x3f8 (irq = 4, base_baud = 115200) is a 16550A
[    1.453583] Linux agpgart interface v0.103
[    1.455389] loop: module loaded
[    1.505966] scsi host0: ata_piix
[    1.529772] scsi host1: ata_piix
[    1.530252] ata1: PATA max UDMA/33 cmd 0x1f0 ctl 0x3f6 bmdma 0xd000 irq 14
[    1.531102] ata2: PATA max UDMA/33 cmd 0x170 ctl 0x376 bmdma 0xd008 irq 15
[    1.532043] libphy: ix MO Bus: probed
[    1.730758] tun: Universal TUN/TAP device driver, 1.6
[    1.821091] PPP generic driver version 2.4.2
[    1.821737] ehci_hcd: USB 2.0 'Enhanced' Host Controller (EHCI) Driver
[    1.822548] ehci-pci: EHCI PCI platform driver
[    1.823144] ehci-platform: EHCI generic platform driver
[    1.823815] ohci_hcd: USB 1.1 'Open' Host Controller (OHCI) Driver
[    1.831060] ohci-pci: OHCI PCI platform driver
[    1.893567] ohci-platform: OHCI generic platform driver
[    1.981524] uhci_hcd: USB Universal Host Controller Interface driver
[    2.070839] i8042: PNP: PS/2 Controller [PNP0303:PS2K,PNP0f03:PS2M] at 0x60,0x64 irq 1,12
[    2.206034] serio: i8042 KBD port at 0x60,0x64 irq 1
[    2.300962] tsc: Refined TSC clocksource calibration: 3092.844 MHz
[    2.301742] clocource: tsc: mask: 0xffffffffffffffff max_cycles: 0x2c94dffea94, max_idle_ns: 440795361700 ns
[    2.392453] serio: i8042 AUX port at 0x60,0x64 irq 12

[    2.394438] mousedev: PS/2 mouse device common for all mice
[    2.396325] rtc_cmos rtc_cmos: rtc core: registered rtc_cmos as rtc0
[    2.397933] rtc_cmos rtc_cmos: alarms up to one day, 114 bytes nvram
[    2.399418] i2c /dev entries driver
[    2.400356] pcie_mp2_amd: AMD(R) PCI-E MP2 Communication Driver Version: 1.0
[    2.402150] device-mapper: uevent: version 1.0.3
[    2.420389] device-mapper: ioctl: 4.37.0-ioctl (2017-09-20) initialised: dm-devel@redhat.com
[    2.481590] ledtrig-cpu: registered to indicate activity on CPUs
[    2.482588] input: AT Translated Set 2 keyboard as /devices/platform/i8042/serio0/input/input2
[    2.482737] NET: Registered protocol family 10
[    2.487281] Segment Routing with IPv6
[    2.487826] NET: Registered protocol family 17
[    2.488495] Key type dns_resolver registered
[    2.489249] RAS: Correctable Errors collector initialized.
[    2.489963] sched_clock: Marking stable (2489216196, 0)->(4166943510, -1677727314)
[    2.494181] registered taskstats version 1
[    2.494742] Loading compiled-in X.509 certificates
[    2.497270] Loaded X.509 cert 'Build time autogenerated kernel key: fcd93cd0852f7ae1da10896371e06e3c19479c00'
[    2.498541] zswap: loaded using pool lzo/zbud
[    2.501896] Key type big_key registered
[    2.502437] Key type trusted registered
[    2.504210] Key type encrypted registered
[    2.504771] AppArmor: AppArmor sha1 policy hashing enabled
[    2.505474] ima: No TPM chip found, activating TPM-bypass! (rc=-19)
[    2.506262] ima: Allocated hash algorithm: sha1
[    2.506864] evm: HMAC attrs: 0x1
[    2.507512]   Magic number: 6:644:229
[    2.508117] rtc_cmos rtc_cmos: setting system clock to 2018-10-29 12:14:01 UTC (1540815241)
[    2.509281] BIOS EDD facility v0.16 2004-Jun-25, 0 devices found
[    2.510344] EDD information not available.
[    2.513080] Freeing unused kernel memory: 2408K
[    2.532065] Write protecting the kernel read-only data: 20480k
[    2.621577] Freeing unused kernel memory: 2008K
[    2.723973] Freeing unused kernel memory: 1896K
[    2.775716] x86/mm: Checked W+X mappings: passed, no W+X pages found.
[    2.776547] x86/mm: Checking user space page tables
[    2.781843] x86/mm: Checked W+X mappings: passed, no W+X pages found.
Loading, please wait...
starting version 237
[    2.835379] Fusion MPT base driver 3.04.20
[    2.840439] Copyright (c) 1999-2008 LSI Corporation
[    2.845773] e1000: Intel(R) PRO/1000 Network Driver - version 7.3.21-k8-NAPI
[    2.847469] e1000: Copyright (c) 1999-2006 Intel Corporation.
[    2.857789] Fusion MPT SPI Host driver 3.04.20
[    3.085688] input: ImExPS/2 Generic Explorer Mouse as /devices/platform/i8042/serio1/input/input4
[    3.199354] e1000 0000:00:03.0 eth0: (PCI:33MHz:32-bit) 02:7c:eb:a0:02:29
[    3.421825] e1000 0000:00:03.0 eth0: Intel(R) PRO/1000 Network Connection
[    3.430596] mptbase: ioc0: Initiating bringup
[    3.560728] ioc0: LSI53C1030 A0: Capabilities={Initiator}
[    4.121763] scsi host2: ioc0: LSI53C1030 A0, FwRev=00000000h, Ports=1, MaxQ=256, IRQ=20
[    4.382028] scsi 2:0:0:0: Direct-Access     VBOX     HARDDISK         1.0  PQ: 0 ANSI: 5
[    4.443808] scsi target2:0:0: Beginning Domain Validation
[    4.481252] scsi target2:0:0: Domain Validation skipping write tests
[    4.482803] scsi target2:0:0: Ending Domain Validation
[    4.489990] scsi target2:0:0: asynchronous
[    4.491306] scsi 2:0:1:0: Direct-Access     VBOX     HARDDISK         1.0  PQ: 0 ANSI: 5
[    4.736447] scsi target2:0:1: Beginning Domain Validation
[    4.759993] random: fast init done
[    4.761175] scsi target2:0:1: Domain Validation skipping write tests
[    4.762704] scsi target2:0:1: Ending Domain Validation
[    4.763986] scsi target2:0:1: asynchronous
[    4.767585] sd 2:0:0:0: Attached scsi generic sg0 type 0
[    4.767874] random: systemd-udevd: uninitialized urandom read (16 bytes read)
[    4.767888] random: systemd-udevd: uninitialized urandom read (16 bytes read)
[    4.767891] random: systemd-udevd: uninitialized urandom read (16 bytes read)
[    4.768259] e1000 0000:00:08.0 eth1: (PCI:33MHz:32-bit) 08:00:27:6c:e2:4e
[    4.768263] e1000 0000:00:08.0 eth1: Intel(R) PRO/1000 Network Connection
[    4.769512] e1000 0000:00:03.0 enp0s3: renamed from eth0
[    4.778759] sd 2:0:0:0: [sda] 20971520 512-byte logical blocks: (10.7 GB/10.0 GiB)
[    4.779507] sd 2:0:1:0: Attached scsi generic sg1 type 0
[    4.784830] sd 2:0:0:0: [sda] Write Protect is off
[    4.785577] sd 2:0:0:0: [sda] Incomplete mode parameter data
[    4.786326] sd 2:0:0:0: [sda] Assuming drive cache: write through
[    4.787142] sd 2:0:1:0: [sdb] 20480 512-byte logical blocks: (10.5 MB/10.0 MiB)
[    4.788245] sd 2:0:1:0: [sdb] Write Protect is off
[    4.789171] sd 2:0:1:0: [sdb] Incomplete mode parameter data
[    4.789940] sd 2:0:1:0: [sdb] Assuming drive cache: write through
[    4.796448] e1000 0000:00:08.0 enp0s8: renamed from eth1
[    4.801768]  sda: sda1
[    4.813233] sd 2:0:0:0: [sda] Attached SCSI disk
[    4.825048] sd 2:0:1:0: [sdb] Attached SCSI disk
Begin: Loading essential drivers ... [    6.288044] raid6: sse2x1   gen() 10539 MB/s
[    6.340042] raid6: sse2x1   xor()  7402 MB/s
[    6.412050] raid6: sse2x2   gen() 12534 MB/s
[    6.516043] raid6: sse2x2   xor()  8109 MB/s
[    6.624546] raid6: sse2x4   gen() 15054 MB/s
[    6.679863] raid6: sse2x4   xor()  9990 MB/s
[    6.701288] raid6: using algorithm sse2x4 gen() 15054 MB/s
[    6.704482] raid6: .... xor() 9990 MB/s, rmw enabled
[    6.705126] raid6: using ssse3x2 recovery algorithm
[    6.707043] xor: measuring software checksum speed
[    6.752215]    prefetch64-sse: 48114.000 MB/sec
[    6.824041]    generic_sse: 17375.000 MB/sec
[    6.860911] xor: using function: prefetch64-sse (48114.000 MB/sec)
[    6.892176] async_tx: api initialized (async)
done.
Begin: Running /scripts/init-premount ... done.
Begin: Mounting root file system ... Begin: Running /scripts/local-top ... done.
Begin: Running /scripts/local-premount ... [    6.934770] Btrfs loaded, crc32c=crc32c-intel
Scanning for Btrfs filesystems
done.
Warning: fsck not present, so skipping root file system
[    7.000261] EXT4-fs (sda1): mounted filesystem with ordered data mode. Opts: (null)
done.
Begin: Running /scripts/local-bottom ... done.
Begin: Running /scripts/init-bottom ... done.
[    7.656882] ip_tables: (C) 2000-2006 Netfilter Core Team
[    7.743531] systemd[1]: systemd 237 running in system mode. (+PAM +AUDIT +SELINUX +IMA +APPARMOR +SMACK +SYSVINIT +UTMP +LIBCRYPTSETUP +GCRYPT +GNUTLS +ACL +XZ +LZ4 +SECCOMP +BLKID +ELFUTILS +KMOD -IDN2 +IDN -PCRE2 default-hierarchy=hybrid)
[    7.746209] systemd[1]: Detected virtualization oracle.
[    7.746894] systemd[1]: Detected architecture x86-64.

Welcome to [1mUbuntu 18.04.1 LTS[0m!

[    8.109559] systemd[1]: Set hostname to <ubuntu>.
[    8.437561] systemd[1]: Initializing machine ID from random generator.
[    9.060921] systemd[1]: Installed transient /etc/machine-id file.
[    9.896706] systemd[1]: Created slice System Slice.
[[0;32m  OK  [0m] Created slice System Slice.
[    9.949352] systemd[1]: Listening on /dev/initctl Compatibility Named Pipe.
[[0;32m  OK  [0m] Listening on /dev/initctl Compatibility Named Pipe.
[   10.540204] systemd[1]: Listening on LVM2 metadata daemon socket.
[[0;32m  OK  [0m] Listening on LVM2 metadata daemon socket.
[   10.926770] systemd[1]: Listening on Journal Socket (/dev/log).
[[0;32m  OK  [0m] Listening on Journal Socket (/dev/log).
[[0;32m  OK  [0m] Listening on Network Service Netlink Socket.
[[0;32m  OK  [0m] Created slice system-serial\x2dgetty.slice.
[[0;32m  OK  [0m] Listening on LVM2 poll daemon socket.
[[0;32m  OK  [0m] Reached target System Time Synchronized.
[[0;32m  OK  [0m] Listening on udev Control Socket.
[[0;32m  OK  [0m] Created slice User and Session Slice.
[[0;32m  OK  [0m] Listening on Syslog Socket.
[[0;32m  OK  [0m] Listening on Journal Socket.
         Mounting Huge Pages File System...
         Starting Create list of required st…ce nodes for the current kernel...
         Starting Set the console keyboard layout...
         Mounting POSIX Message Queue File System...
[[0;32m  OK  [0m] Started Forward Password Requests to Wall Directory Watch.
[[0;32m  OK  [0m] Listening on Device-mapper event daemon FIFOs.
         Starting Monitoring of LVM2 mirrors…ng dmeventd or progress polling...
         Starting Remount Root and Kernel File Systems...
[[0;32m  OK  [0m] Reached target User and Group Name Lookups.
[   11.541769] random: crng init done
[   11.559138] random: 7 urandom warning(s) missed due to ratelimiting
         Mounting Kernel Debug File System...
         Starting Uncomplicated firewall...
[[0;32m  OK  [0m] Listening on udev Kernel Socket.
         Starting udev Coldplug all Devices...
         Starting Load Kernel Modules...
[[0;32m  OK  [0m] Reached target Slices.
[[0;32m  OK  [0m] Reached target Swap.
[[0;32m  OK  [0m] Listening on Journal Audit Socket.
         Starting Journal Service...
[[0;32m  OK  [0m] Set up automount Arbitrary Executab…rmats File System Automount Point.
[[0;32m  OK  [0m] Started Create list of required sta…vice nodes for the current kernel.
[[0;32m  OK  [0m] Started Uncomplicated firewall.
         Starting Create Static Device Nodes in /dev...
[[0;32m  OK  [0m] Started udev Coldplug all Devices.
[[0;32m  OK  [0m] Started Journal Service.
[   12.005407] Loading iSCSI transport class v2.0-870.
[[0;32m  OK  [0m] Started Create Static Device Nodes in /dev.
[   12.445056] iscsi: registered transport (tcp)
[   12.524496] iscsi: registered transport (iser)
[[0;32m  OK  [0m] Started Load Kernel Modules.
         Mounting FUSE Control File System...
         Starting Apply Kernel Variables...
         Mounting Kernel Configuration File System...
[[0;32m  OK  [0m] Started Apply Kernel Variables.
[[0;32m  OK  [0m] Mounted FUSE Control File System.
[[0;32m  OK  [0m] Mounted Huge Pages File System.
[[0;32m  OK  [0m] Mounted POSIX Message Queue File System.
[[0;32m  OK  [0m] Mounted Kernel Debug File System.
[[0;32m  OK  [0m] Mounted Kernel Configuration File System.
[[0;32m  OK  [0m] Started Remount Root and Kernel File Systems.
[[0;32m  OK  [0m] Started LVM2 metadata daemon.
         Starting Load/Save Random Seed...
         Starting Initial cloud-init job (pre-networking)...
         Starting udev Kernel Device Manager...
         Starting Flush Journal to Persistent Storage...
[[0;32m  OK  [0m] Started Monitoring of LVM2 mirrors,…sing dmeventd or progress polling.
[[0;32m  OK  [0m] Started Load/Save Random Seed.
[[0;32m  OK  [0m] Started Set the console keyboard layout.
[[0;32m  OK  [0m] Reached target Local File Systems (Pre).
[[0;32m  OK  [0m] Reached target Local File Systems.
         Starting Tell Plymouth To Write Out Runtime Data...
         Starting Commit a transient machine-id on disk...
         Starting Set console font and keymap...
         Starting ebtables ruleset management...
         Starting AppArmor initialization...
[[0;32m  OK  [0m] Started udev Kernel Device Manager.
[[0;32m  OK  [0m] Started Dispatch Password Requests to Console Directory Watch.
[[0;32m  OK  [0m] Reached target Local Encrypted Volumes.
[[0;32m  OK  [0m] Started Tell Plymouth To Write Out Runtime Data.
[[0;32m  OK  [0m] Started Set console font and keymap.
[[0;32m  OK  [0m] Started Flush Journal to Persistent Storage.
[[0;32m  OK  [0m] Started Commit a transient machine-id on disk.
         Starting Create Volatile Files and Directories...
[[0;32m  OK  [0m] Found device /dev/ttyS0.
[[0;32m  OK  [0m] Started Create Volatile Files and Directories.
         Starting Update UTMP about System Boot/Shutdown...
[[0;32m  OK  [0m] Listening on Load/Save RF Kill Switch Status /dev/rfkill Watch.
[[0;32m  OK  [0m] Started Update UTMP about System Boot/Shutdown.
[[0;32m  OK  [0m] Started ebtables ruleset management.
[[0;32m  OK  [0m] Started AppArmor initialization.
[   17.721136] cloud-init[397]: Cloud-init v. 18.3-9-g2e62cb8a-0ubuntu1~18.04.2 running 'init-local' at Mon, 29 Oct 2018 12:14:16 +0000. Up 17.15 seconds.
[[0;32m  OK  [0m] Started Initial cloud-init job (pre-networking).
[[0;32m  OK  [0m] Reached target Network (Pre).
         Starting Network Service...
[[0;32m  OK  [0m] Started Network Service.
         Starting Wait for Network to be Configured...
         Starting Network Name Resolution...
[[0;32m  OK  [0m] Started Network Name Resolution.
[[0;32m  OK  [0m] Reached target Host and Network Name Lookups.
[[0;32m  OK  [0m] Reached target Network.
[[0;32m  OK  [0m] Started Wait for Network to be Configured.
         Starting Initial cloud-init job (metadata service crawler)...
[   21.080034] cloud-init[618]: Cloud-init v. 18.3-9-g2e62cb8a-0ubuntu1~18.04.2 running 'init' at Mon, 29 Oct 2018 12:14:18 +0000. Up 19.28 seconds.
[   21.089295] cloud-init[618]: ci-info: ++++++++++++++++++++++++++++++++++++++Net device info++++++++++++++++++++++++++++++++++++++
[   21.090407] cloud-init[618]: ci-info: +--------+-------+---------------------------+---------------+--------+-------------------+
[[0;32m  OK  [0m[   21.180767] cloud-init[618]: ci-info: | Device |   Up  |          Address          |      Mask     | Scope  |     Hw-Address    |
[   21.181961] cloud-init[618]: ci-info: +--------+-------+---------------------------+---------------+--------+-------------------+
[   21.182955] cloud-init[618]: ci-info: | enp0s3 |  True |         10.0.2.15         | 255.255.255.0 | global | 02:7c:eb:a0:02:29 |
[   21.183681] cloud-init[618]: ci-info: | enp0s3 |  True | fe80::7c:ebff:fea0:229/64 |       .       |  link  | 02:7c:eb:a0:02:29 |
[   21.184946] cloud-init[618]: ci-info: | enp0s8 | False |             .             |       .       |   .    | 08:00:27:6c:e2:4e |
[   21.185559] cloud-init[618]: ci-info: |   lo   |  True |         127.0.0.1         |   255.0.0.0   |  host  |         .         |
[   21.186702] cloud-init[618]: ci-info: |   lo   |  True |          ::1/128          |       .       |  host  |         .         |
[   21.187879] cloud-init[618]: ci-info: +--------+-------+---------------------------+---------------+--------+-------------------+
[   21.188740] cloud-init[618]: ci-info: ++++++++++++++++++++++++++++Route IPv4 info+++++++++++++++++++++++++++++
[   21.189388] cloud-init[618]: ci-info: +-------+-------------+----------+-----------------+-----------+-------+
] Started Initial cloud-init job (metadata service crawler).
[   21.190546] cloud-init[618]: ci-info: | Route | Destination | Gateway  |     Genmask     | Interface | Flags |
[[   21.201672] cloud-init[618]: ci-info: +-------+-------------+----------+-----------------+-----------+-------+
[0;32m  OK  [0m] Reached target System Initialization.
[   21.202062] cloud-init[618]: ci-info: |   0   |   0.0.0.0   | 10.0.2.2 |     0.0.0.0     |   enp0s3  |   UG  |
[[   21.288205] cloud-init[618]: ci-info: |   1   |   10.0.2.0  | 0.0.0.0  |  255.255.255.0  |   enp0s3  |   U   |
[   21.288346] cloud-init[618]: [0;32m  OK  [0mci-info: |   2   |   10.0.2.2  | 0.0.0.0  | 255.255.255.255 |   enp0s3  |   UH  |] 
Started Message of the Day.
[   21.288442] cloud-init[618]: ci-info: +-------+-------------+----------+-----------------+-----------+-------+
         [   21.432248] Starting LXD - unix socket.cloud-init
[618]: ci-info: +++++++++++++++++++Route IPv6 info+++++++++++++++++++
[[   21.436574] cloud-init[618]: ci-info: +-------+-------------+---------+-----------+-------+
[0;32m  OK  [0m] Started Daily apt download activities.
[   21.437329] cloud-init[618]: ci-info: | Route | Destination | Gateway | Interface | Flags |
[[   21.504210] cloud-init[618]: ci-info: +-------+-------------+---------+-----------+-------+
[   21.504982] [0;32m  OK  [0mcloud-init] [618]: Listening on UUID daemon activation socket.ci-info: |   1   |  fe80::/64  |    ::   |   enp0s3  |   U   |

[[   21.600212] cloud-init[618]: ci-info: |   3   |    local    |    ::   |   enp0s3  |   U   |
[   21.600322] cloud-init[618]: ci-info: |   4   |   ff00::/8  |    ::   |   enp0s3  |   U   |[0;32m  OK  [0m
] Listening on Open-iSCSI iscsid Socket.
[   21.600406] cloud-init[618]: ci-info: +-------+-------------+---------+-----------+-------+
[[   21.720638] cloud-init[618]: Generating public/private rsa key pair.
[   21.720796] cloud-init[618]: [0;32m  OK  [0mYour identification has been saved in /etc/ssh/ssh_host_rsa_key.] 
Listening on D-Bus System Message Bus Socket.
[   21.720864] cloud-init[618]: Your public key has been saved in /etc/ssh/ssh_host_rsa_key.pub.
         [   21.848303] Starting Socket activation for snappy daemon.cloud-init
[618]: The key fingerprint is:
[[   21.892183] cloud-init[618]: SHA256:m+av0vynHApdkbBxFbcmSdS29IKaNeIB/UlHE7uJst4 root@ubuntu-bionic
[   21.892319] cloud-init[618]: [0;32m  OK  [0mThe key's randomart image is:] 
Listening on ACPID Listen Socket.
[   21.892406] cloud-init[618]: +---[RSA 2048]----+
[[   21.964198] cloud-init[618]: |        o..o=+=. |
[   21.964334] cloud-init[618]: [0;32m  OK  [0m|        .=.o.o=+ |] 
Started Discard unused blocks once a week.
[   21.964435] cloud-init[618]: |        ..ooo*+o |
[[   22.024185] cloud-init[618]: |          o.*+oo.|
[   22.024334] cloud-init[618]: [0;32m  OK  [0m|        S.o*..o. |] 
Started Daily apt upgrade and clean activities.
[   22.024409] cloud-init[618]: |       . ++o     |
[[0;32m  OK  [0m] Started Daily Cleanup of Temporary Directories.
[   22.077220] cloud-init[618]: |      .o= o      |
[[   22.170722] cloud-init[618]: |      .+o+ o.    |
[   22.170829] cloud-init[618]: [0;32m  OK  [0m|       .++*oE    |] 
Reached target Timers.
[   22.170904] cloud-init[618]: +----[SHA256]-----+
[[   22.244159] cloud-init[618]: Generating public/private dsa key pair.
[   22.244309] cloud-init[618]: [0;32m  OK  [0mYour identification has been saved in /etc/ssh/ssh_host_dsa_key.] 
Started ACPI Events Check.
[[   22.244380] cloud-init[618]: Your public key has been saved in /etc/ssh/ssh_host_dsa_key.pub.
[   22.280273] cloud-init[618]: [0;32m  OK  [0mThe key fingerprint is:] 
Reached target Paths.
[   22.280339] cloud-init[618]: SHA256:UNI93iAJfk5eo6fcPtdCIWSc/iVYAU27MXAegGjKmGk root@ubuntu-bionic
[[   22.348183] cloud-init[618]: The key's randomart image is:
[   22.348302] cloud-init[618]: +---[DSA 1024]----+[0;32m  OK  [0m
] Reached target Cloud-config availability.
[   22.348403] cloud-init[618]: |      o+.=+*=.   |
[   22.416213] cloud-init[618]: |     .oo= O+oo   |
[[0;32m  OK  [0m] Reached target Network is Online.
[   22.416291] cloud-init[618]: |   = oo o*o*=    |
         [   22.516222] Starting Availability of block devices...cloud-init
[618]: |  E o  * o=.++.  |
[[   22.576179] cloud-init[618]: | .      S .o.+   |
[   22.576291] cloud-init[618]: |       . +  o    |[0;32m  OK  [0m
] Reached target Remote File Systems (Pre).
[   22.576364] cloud-init[618]: |        o .. .   |
[[0;32m  OK  [0m] Reached target Remote File Systems.
[   22.601258] cloud-init[618]: |         .. o .  |
[[   22.652203] cloud-init[618]: |          .o .   |
[   22.652351] cloud-init[618]: [0;32m  OK  [0m+----[SHA256]-----+] 
Listening on LXD - unix socket.
[   22.652420] cloud-init[618]: Generating public/private ecdsa key pair.
[[   22.776216] cloud-init[618]: Your identification has been saved in /etc/ssh/ssh_host_ecdsa_key.
[   22.776339] cloud-init[618]: [0;32m  OK  [0mYour public key has been saved in /etc/ssh/ssh_host_ecdsa_key.pub.] 
Listening on Socket activation for snappy daemon.
[   22.776420] cloud-init[618]: The key fingerprint is:
[[   22.825968] cloud-init[618]: SHA256:1PGWSH+5WH+NgrWjzjvrWydJ6225tAVZLId7PNX0FXw root@ubuntu-bionic
[   22.826071] cloud-init[618]: [0;32m  OK  [0mThe key's randomart image is:] 
Started Availability of block devices.
[   22.826142] cloud-init[618]: +---[ECDSA 256]---+
[[   22.928225] cloud-init[618]: |          o   ..+|
[   22.928344] cloud-init[618]: [0;32m  OK  [0m|         o = . *E|] 
Reached target Sockets.
[   22.928401] cloud-init[618]: |        . o * * O|
[[0;32m  OK  [0m] Reached target Basic System.
[   22.972287] cloud-init[618]: |       .   + = @o|
[[   23.020945] cloud-init[618]: |        S . * *.*|
[   23.021066] cloud-init[618]: |           o = oo|
[0;32m  OK  [0m[   23.021981] cloud-init[618]: |          . = o..|
] [   23.022590] cloud-init[618]: |         o.o =oo |
Started D-Bus System Message Bus.[   23.023099] cloud-init[618]: |         .B=..+. |

[   23.023834] cloud-init[618]: +----[SHA256]-----+
[   23.032125] cloud-init[618]: Generating public/private ed25519 key pair.
[   23.076158] cloud-init[618]: Your identification has been saved in /etc/ssh/ssh_host_ed25519_key.
[   23.078153] cloud-init[618]: Your public key has been saved in /etc/ssh/ssh_host_ed25519_key.pub.
[   23.079063] cloud-init[618]: The key fingerprint is:
[   23.079911] cloud-init[618]: SHA256:yp+UsxfdMlbpX3GQsT3cd1NxJYARtMzxPPZHlNKaxIc root@ubuntu-bionic
[   23.080986] cloud-init[618]: The key's randomart image is:
[   23.089104] cloud-init[618]: +--[ED25519 256]--+
[   23.089748] cloud-init[618]: |         .=+o.=+O|
[   23.106522] cloud-init[618]: |         o.= E+O+|
[[   23.113853] cloud-init[618]: |          + * ***|
[0;32m  OK  [0m[   23.114368] cloud-init[618]: |           . =oo*|
] [   23.114967] cloud-init[618]: |        S  . +. +|
Started FUSE filesystem for LXC.[   23.115459] cloud-init[618]: |     . . .. = o..|

[   23.116216] cloud-init[618]: |      o +  o o ..|
[   23.118675] cloud-init[618]: |       o +.     .|
         Starting Accounts Service...
[   23.124881] cloud-init[618]: |        +.       |
[   23.126885] cloud-init[618]: +----[SHA256]-----+
[[0;32m  OK  [0m] Started irqbalance daemon.
[[0;32m  OK  [0m] Started Unattended Upgrades Shutdown.
[[0;32m  OK  [0m] Started Regular background program processing daemon.
         Starting Dispatcher daemon for systemd-networkd...
         Starting LSB: Record successful boot for GRUB...
         Starting Snappy daemon...
         Starting Permit User Sessions...
[[0;32m  OK  [0m] Started Deferred execution scheduler.
         Starting LSB: automatic crash report generation...
         Starting Login Service...
         Starting Virtualbox guest utils...
         Starting Pollinate to seed the pseudo random number generator...
         Starting System Logging Service...
         Starting LXD - container startup/shutdown...
[[0;32m  OK  [0m] Started Permit User Sessions.
[[0;32m  OK  [0m] Started System Logging Service.
[[0;32m  OK  [0m] Started Login Service.
         Starting Authorization Manager...
         Starting Terminate Plymouth Boot Screen...
         Starting Hold until boot process finishes up...
[[0;32m  OK  [0m] Started Hold until boot process finishes up.
[[0;32m  OK  [0m] Started Serial Getty on ttyS0.
         Starting Set console scheme...
[[0;32m  OK  [0m] Started Terminate Plymouth Boot Screen.
[[0;32m  OK  [0m] Started LSB: Record successful boot for GRUB.
[[0;32m  OK  [0m] Started Set console scheme.
[[0;32m  OK  [0m] Created slice system-getty.slice.
[[0;32m  OK  [0m] Started Getty on tty1.
[[0;32m  OK  [0m] Reached target Login Prompts.
[[0;32m  OK  [0m] Started LSB: automatic crash report generation.
[[0;32m  OK  [0m] Started Authorization Manager.
[[0;32m  OK  [0m] Started Accounts Service.
[[0;32m  OK  [0m] Started Virtualbox guest utils.
[[0;32m  OK  [0m] Started Dispatcher daemon for systemd-networkd.
[[0;32m  OK  [0m] Started LXD - container startup/shutdown.
[[0;32m  OK  [0m] Started Snappy daemon.
         Starting Wait until snapd is fully seeded...
[[0;32m  OK  [0m] Started Pollinate to seed the pseudo random number generator.
         Starting OpenBSD Secure Shell server...
[[0;32m  OK  [0m] Started OpenBSD Secure Shell server.
[[0;32m  OK  [0m] Created slice User Slice of vagrant.
         Starting User Manager for UID 1000...
[[0;32m  OK  [0m] Started Session 1 of user vagrant.
[[0;32m  OK  [0m] Started User Manager for UID 1000.

Ubuntu 18.04.1 LTS ubuntu-bionic ttyS0

ubuntu-bionic login: [   31.608541] cloud-init[1303]: Cloud-init v. 18.3-9-g2e62cb8a-0ubuntu1~18.04.2 running 'modules:config' at Mon, 29 Oct 2018 12:14:29 +0000. Up 30.02 seconds.
ci-info: no authorized ssh keys fingerprints found for user ubuntu.
<14>Oct 29 12:14:31 ec2: 
<14>Oct 29 12:14:31 ec2: #############################################################
<14>Oct 29 12:14:31 ec2: -----BEGIN SSH HOST KEY FINGERPRINTS-----
<14>Oct 29 12:14:31 ec2: 1024 SHA256:UNI93iAJfk5eo6fcPtdCIWSc/iVYAU27MXAegGjKmGk root@ubuntu-bionic (DSA)
<14>Oct 29 12:14:31 ec2: 256 SHA256:1PGWSH+5WH+NgrWjzjvrWydJ6225tAVZLId7PNX0FXw root@ubuntu-bionic (ECDSA)
<14>Oct 29 12:14:31 ec2: 256 SHA256:yp+UsxfdMlbpX3GQsT3cd1NxJYARtMzxPPZHlNKaxIc root@ubuntu-bionic (ED25519)
<14>Oct 29 12:14:31 ec2: 2048 SHA256:m+av0vynHApdkbBxFbcmSdS29IKaNeIB/UlHE7uJst4 root@ubuntu-bionic (RSA)
<14>Oct 29 12:14:31 ec2: -----END SSH HOST KEY FINGERPRINTS-----
<14>Oct 29 12:14:31 ec2: #############################################################
-----BEGIN SSH HOST KEY KEYS-----
ecdsa-sha2-nistp256 AAAAE2VjZHNhLXNoYTItbmlzdHAyNTYAAAAIbmlzdHAyNTYAAABBBKAMSy+0ZTFjLg3mc6evbg+EAgnnlRH/JewpI95/9XhJRApMXNCPG+cuGAaqPt1NzwtHyqrHUm4mmlKBeTEdyO4= root@ubuntu-bionic
ssh-ed25519 AAAAC3NzaC1lZDI1NTE5AAAAIOyf/GkCKVmHi3C/l6TMwylJihyDIXpCyq7xWFNOq8b6 root@ubuntu-bionic
ssh-rsa AAAAB3NzaC1yc2EAAAADAQABAAABAQDNdoN2MO25oM3rhdFTQIILt38k1K9cLMlA4N0MDLjweyEJczwzFAfSfvI+PC7VvKCOcdsb3Yxj+tMX/mD7kdtf92vQZEc3xI/Hc6R/TE93eTcCoH23CRQuTF4utzMxd+DwyiOQFNcDGUJrQ3fd95W9o+77Zh+43Gnl9orDe+bLkPZHk9HnrtjUb/LfJnD8+VaS92JNx5hmPqtMXjamDagqdWdH3EiZyLwczok0Nx4Q1F59bPC098Sw2QNednx3OEOTe3iPa00j6XuKk2fqXgSGw+VoLZCIEDuWRqAhbsZovHXo/gjEEkLqOSJPycrwAm8/ozLwh0MHVR2RVGAIJZIn root@ubuntu-bionic
-----END SSH HOST KEY KEYS-----
[   32.700576] cloud-init[1418]: Cloud-init v. 18.3-9-g2e62cb8a-0ubuntu1~18.04.2 running 'modules:final' at Mon, 29 Oct 2018 12:14:31 +0000. Up 32.34 seconds.
[   32.727708] cloud-init[1418]: ci-info: no authorized ssh keys fingerprints found for user ubuntu.
[   32.727829] cloud-init[1418]: Cloud-init v. 18.3-9-g2e62cb8a-0ubuntu1~18.04.2 finished at Mon, 29 Oct 2018 12:14:31 +0000. Datasource DataSourceNoCloud [seed=/dev/sdb][dsmode=net].  Up 32.67 seconds
         Stopping Availability of block devices...
         Stopping Session 8 of user vagrant.
[[0;32m  OK  [0m] Closed Load/Save RF Kill Switch Status /dev/rfkill Watch.
         Stopping Daemon for generating UUIDs...
[[0;32m  OK  [0m] Stopped target Cloud-init target.
[[0;32m  OK  [0m] Stopped Execute cloud user/final scripts.
         Stopping User Manager for UID 1000...
[[0;32m  OK  [0m] Stopped target Graphical Interface.
[[0;32m  OK  [0m] Stoppedg         Stopping Authorization Manager...
[[0;32m  OK  [0m] Stopped target Cloud-config availability.
[[0;32m  OK  [0m] Unmounted /var/lib/lxcfs.
[[0;32m  OK  [0m] Stopped Accounts Service.
[[0;32m  OK  [0m] Stopped irqbalance daemon.
[[0;32m  OK  [0m] Stopped Regular background program processing daemon.
[[0;32m  OK  [0m] Stopped Snappy daemon.
[[0;32m  OK  [0m] Stopped Deferred execution scheduler.
[[0;32m  OK  [0m] Stopped System Logging Service.
[[0;32m  OK  [0m] Stopped Authorization Manager.
[[0;32m  OK  [0m] Stopped Serial Getty on ttyS0.
[[0;32m  OK  [0m] Stopped Getty on tty1.
[[0;32m  OK  [0m] Stopped OpenBSD Secure Shell server.
[[0;32m  OK  [0m] Stopped Daemon for generating UUIDs.
[[0;32m  OK  [0m] Stopped Dispatcher daemon for systemd-networkd.
[[0;32m  OK  [0m] Stopped User Manager for UID 1000.
[[0;32m  OK  [0m] Stopped D-Bus System Message Bus.
[[0;32m  OK  [0m] Stopped FUSE filesystem for LXC.
[[0;32m  OK  [0m] Stopped Session 8 of user vagrant.
[[0;32m  OK  [0m] Removed slice User Slice of vagrant.
         Stopping Login Service...
[[0;32m  OK  [0m] Removed slice system-getty.slice.
[[0;32m  OK  [0m] Removed slice system-serial\x2dgetty.slice.
         Stopping Permit User Sessions...
[[0;32m  OK  [0m] Stopped The Apache HTTP Server.
[[0;32m  OK  [0m] Stopped target Host and Network Name Lookups.
[[0;32m  OK  [0m] Stopped LXD - container startup/shutdown.
[[0;32m  OK  [0m] Stopped Unattended Upgrades Shutdown.
[[0;32m  OK  [0m] Stopped Availability of block devices.
[[0;32m  OK  [0m] Stopped Login Service.
[[0;32m  OK  [0m] Stopped Permit User Sessions.
[[0;32m  OK  [0m] Stopped target User and Group Name Lookups.
[[0;32m  OK  [0m] Stopped LSB: Record successful boot for GRUB.
[[0;32m  OK  [0m] Stopped Virtualbox guest utils.
[[0;32m  OK  [0m] Stopped LSB: automatic crash report generation.
[[0;32m  OK  [0m] Stopped target Remote File Systems.
[[0;32m  OK  [0m] Stopped target Remote File Systems (Pre).
[[0;32m  OK  [0m] Stopped MySQL Community Server.
[[0;32m  OK  [0m] Stopped target Basic System.
[[0;32m  OK  [0m] Stopped target Slices.
[[0;32m  OK  [0m] Removed slice User and Session Slice.
[[0;32m  OK  [0m] Stopped target Paths.
[[0;32m  OK  [0m] Stopped ACPI Events Check.
[[0;32m  OK  [0m] Stopped target Sockets.
[[0;32m  OK  [0m] Closed LXD - unix socket.
[[0;32m  OK  [0m] Closed Socket activation for snappy daemon.
[[0;32m  OK  [0m] Closed D-Bus System Message Bus Socket.
[[0;32m  OK  [0m] Closed Syslog Socket.
[[0;32m  OK  [0m] Closed ACPID Listen Socket.
[[0;32m  OK  [0m] Closed Open-iSCSI iscsid Socket.
[[0;32m  OK  [0m] Closed UUID daemon activation socket.
[[0;32m  OK  [0m] Stopped target Network.
         Stopping Network Name Resolution...
[[0;32m  OK  [0m] Stopped target System Initialization.
[[0;32m  OK  [0m] Stopped target Local Encrypted Volumes.
[[0;32m  OK  [0m] Stopped Forward Password Requests to Wall Directory Watch.
[[0;32m  OK  [0m] Stopped Dispatch Password Requests to Console Directory Watch.
[[0;32m  OK  [0m] Stopped Initial cloud-init job (metadata service crawler).
         Stopping Load/Save Random Seed...
         Stopping Update UTMP about System Boot/Shutdown...
[[0;32m  OK  [0m] Stopped Commit a transient machine-id on disk.
[[0;32m  OK  [0m] Stopped Network Name Resolution.
[[0;32m  OK  [0m] Stopped Load/Save Random Seed.
         Stopping Network Service...
[[0;32m  OK  [0m] Stopped Update UTMP about System Boot/Shutdown.
[[0;32m  OK  [0m] Stopped Create Volatile Files and Directories.
[[0;32m  OK  [0m] Stopped target Local File Systems.
         Unmounting /run/user/1000...
         Unmounting /vagrant...
[[0;32m  OK  [0m] Unmounted /run/user/1000.
[[0;32m  OK  [0m] Unmounted /vagrant.
[[0;32m  OK  [0m] Reached target Unmount All Filesystems.
[[0;32m  OK  [0m] Stopped target Swap.
[[0;32m  OK  [0m] Stopped target Local File Systems (Pre).
         Stopping Monitoring of LVM2 mirrors…ng dmeventd or progress polling...
[[0;32m  OK  [0m] Stopped Create Static Device Nodes in /dev.
[[0;32m  OK  [0m] Stopped Network Service.
[[0;32m  OK  [0m] Stopped Apply Kernel Variables.
[[0;32m  OK  [0m] Stopped Load Kernel Modules.
[[0;32m  OK  [0m] Stopped target Network (Pre).
[[0;32m  OK  [0m] Stopped Initial cloud-init job (pre-networking).
[[0;32m  OK  [0m] Stopped Remount Root and Kernel File Systems.
[[0;32m  OK  [0m] Reached target Shutdown.
[[0;32m  OK  [0m] Reached target Final Step.
         Starting Power-Off...
[[0;32m  OK  [0m] Stopped Monitoring of LVM2 mirrors,…sing dmeventd or progress polling.
         Stopping LVM2 metadata daemon...
[[0;32m  OK  [0m] Stopped LVM2 metadata daemon.
[  262.014587] reboot: Power down
